80D4F6 20 30 D5    JSR $D530     [80D530] A:0E01 X:0000 Y:0002 S:0133 D:0E68 DB:86 nvMXdizC V: 15 H: 34 F: 5

	80D530 C2 20       REP #$20               A:0E01 X:0000 Y:0002 S:0131 D:0E68 DB:86 nvMXdizC V: 15 H: 44 F: 5
	80D532 A5 05       LDA $05       [000E6D] A:0E01 X:0000 Y:0002 S:0131 D:0E68 DB:86 nvmXdizC V: 15 H: 49 F: 5
	80D534 85 22       STA $22       [000E8A] A:142D X:0000 Y:0002 S:0131 D:0E68 DB:86 nvmXdizC V: 15 H: 57 F: 5
	80D536 A5 08       LDA $08       [000E70] A:142D X:0000 Y:0002 S:0131 D:0E68 DB:86 nvmXdizC V: 15 H: 66 F: 5
	80D538 85 24       STA $24       [000E8C] A:0A9D X:0000 Y:0002 S:0131 D:0E68 DB:86 nvmXdizC V: 15 H: 74 F: 5
	80D53A E2 20       SEP #$20               A:0A9D X:0000 Y:0002 S:0131 D:0E68 DB:86 nvmXdizC V: 15 H: 83 F: 5
	80D53C A9 80       LDA #$80               A:0A9D X:0000 Y:0002 S:0131 D:0E68 DB:86 nvMXdizC V: 15 H: 87 F: 5
	80D53E 14 0E       TRB $0E       [000E76] A:0A80 X:0000 Y:0002 S:0131 D:0E68 DB:86 NvMXdizC V: 15 H: 90 F: 5
	80D540 A5 0A       LDA $0A       [000E72] A:0A80 X:0000 Y:0002 S:0131 D:0E68 DB:86 NvMXdizC V: 15 H:100 F: 5
	80D542 0A          ASL A                  A:0A14 X:0000 Y:0002 S:0131 D:0E68 DB:86 nvMXdizC V: 15 H:107 F: 5
	80D543 AA          TAX                    A:0A28 X:0000 Y:0002 S:0131 D:0E68 DB:86 nvMXdizc V: 15 H:110 F: 5
	80D544 7C DD F8    JMP ($F8DD,X) [80F905] A:0A28 X:0028 Y:0002 S:0131 D:0E68 DB:86 nvMXdizc V: 15 H:113 F: 5

	80FA15 22 44 B1 83 JSL $83B144   [83B144] A:0A28 X:0028 Y:0002 S:0131 D:0E68 DB:86 nvMXdizc V: 15 H:122 F: 5

		83B144 A6 01       LDX $01       [000E69] A:0A28 X:0028 Y:0002 S:012E D:0E68 DB:86 nvMXdizc V: 15 H:145 F: 5
		83B146 7C 49 B1    JMP ($B149,X) [83B14D] A:0A28 X:0004 Y:0002 S:012E D:0E68 DB:86 nvMXdizc V: 15 H:152 F: 5

		83B2E8 A6 02       LDX $02       [000E6A] A:0A28 X:0004 Y:0002 S:012E D:0E68 DB:86 nvMXdizc V: 15 H:161 F: 5
		83B2EA FC DA B3    JSR ($B3DA,X) [83B3E0] A:0A28 X:0006 Y:0002 S:012E D:0E68 DB:86 nvMXdizc V: 15 H:167 F: 5

			83B784 A6 03       LDX $03       [000E6B] A:0A28 X:0006 Y:0002 S:012C D:0E68 DB:86 nvMXdizc V: 15 H:180 F: 5
			83B786 7C 89 B7    JMP ($B789,X) [83B78D] A:0A28 X:0004 Y:0002 S:012C D:0E68 DB:86 nvMXdizc V: 15 H:187 F: 5

			83B816 C6 34       DEC $34       [000E9C] A:0A28 X:0004 Y:0002 S:012C D:0E68 DB:86 nvMXdizc V: 15 H:196 F: 5
			83B818 D0 0B       BNE $000B     [83B825] A:0A28 X:0004 Y:0002 S:012C D:0E68 DB:86 nvMXdizc V: 15 H:206 F: 5
			83B825 60          RTS                    A:0A28 X:0004 Y:0002 S:012C D:0E68 DB:86 nvMXdizc V: 15 H:210 F: 5

		83B2ED A5 27       LDA $27       [000E8F] A:0A28 X:0004 Y:0002 S:012E D:0E68 DB:86 nvMXdizc V: 15 H:220 F: 5
