80D4F6 20 30 D5    JSR $D530     [80D530] A:0E01 X:0000 Y:008F S:0133 D:0E68 DB:86 nvMXdizC V:247 H:171 F: 2

	80D530 C2 20       REP #$20               A:0E01 X:0000 Y:008F S:0131 D:0E68 DB:86 nvMXdizC V:247 H:181 F: 2
	80D532 A5 05       LDA $05       [000E6D] A:0E01 X:0000 Y:008F S:0131 D:0E68 DB:86 nvmXdizC V:247 H:185 F: 2
	80D534 85 22       STA $22       [000E8A] A:07A7 X:0000 Y:008F S:0131 D:0E68 DB:86 nvmXdizC V:247 H:194 F: 2
	80D536 A5 08       LDA $08       [000E70] A:07A7 X:0000 Y:008F S:0131 D:0E68 DB:86 nvmXdizC V:247 H:202 F: 2
	80D538 85 24       STA $24       [000E8C] A:00A8 X:0000 Y:008F S:0131 D:0E68 DB:86 nvmXdizC V:247 H:211 F: 2
	80D53A E2 20       SEP #$20               A:00A8 X:0000 Y:008F S:0131 D:0E68 DB:86 nvmXdizC V:247 H:219 F: 2
	80D53C A9 80       LDA #$80               A:00A8 X:0000 Y:008F S:0131 D:0E68 DB:86 nvMXdizC V:247 H:224 F: 2
	80D53E 14 0E       TRB $0E       [000E76] A:0080 X:0000 Y:008F S:0131 D:0E68 DB:86 NvMXdizC V:247 H:227 F: 2
	80D540 A5 0A       LDA $0A       [000E72] A:0080 X:0000 Y:008F S:0131 D:0E68 DB:86 NvMXdizC V:247 H:237 F: 2
	80D542 0A          ASL A                  A:0005 X:0000 Y:008F S:0131 D:0E68 DB:86 nvMXdizC V:247 H:243 F: 2
	80D543 AA          TAX                    A:000A X:0000 Y:008F S:0131 D:0E68 DB:86 nvMXdizc V:247 H:246 F: 2
	80D544 7C DD F8    JMP ($F8DD,X) [80F8E7] A:000A X:000A Y:008F S:0131 D:0E68 DB:86 nvMXdizc V:247 H:249 F: 2

	80F9CA 22 7E 8A 87 JSL $878A7E   [878A7E] A:000A X:000A Y:008F S:0131 D:0E68 DB:86 nvMXdizc V:247 H:258 F: 2

		878A7E A6 01       LDX $01       [000E69] A:000A X:000A Y:008F S:012E D:0E68 DB:86 nvMXdizc V:247 H:272 F: 2
		878A80 7C 83 8A    JMP ($8A83,X) [878A87] A:000A X:0004 Y:008F S:012E D:0E68 DB:86 nvMXdizc V:247 H:278 F: 2

		878C1A A5 33       LDA $33       [000E9B] A:000A X:0004 Y:008F S:012E D:0E68 DB:86 nvMXdizc V:247 H:287 F: 2
		878C1C 04 11       TSB $11       [000E79] A:0008 X:0004 Y:008F S:012E D:0E68 DB:86 nvMXdizc V:247 H:294 F: 2
		878C1E A6 02       LDX $02       [000E6A] A:0008 X:0004 Y:008F S:012E D:0E68 DB:86 nvMXdizc V:247 H:304 F: 2
		878C20 FC F2 8C    JSR ($8CF2,X) [878CF8] A:0008 X:0006 Y:008F S:012E D:0E68 DB:86 nvMXdizc V:247 H:310 F: 2

			878F46 A6 03       LDX $03       [000E6B] A:0008 X:0006 Y:008F S:012C D:0E68 DB:86 nvMXdizc V:247 H:323 F: 2
			878F48 7C 4B 8F    JMP ($8F4B,X) [878F4D] A:0008 X:0002 Y:008F S:012C D:0E68 DB:86 nvMXdizc V:247 H:329 F: 2

			878F63 22 EA 8E 84 JSL $848EEA   [848EEA] A:0008 X:0002 Y:008F S:012C D:0E68 DB:86 nvMXdizc V:247 H:338 F: 2		JSL $848EEA --> Decrease CDSkel, Continue Skeleton

				848EEA 08          PHP                    A:0008 X:0002 Y:008F S:0129 D:0E68 DB:86 nvMXdizc V:248 H: 11 F: 2
				848EEB 8B          PHB                    A:0008 X:0002 Y:008F S:0128 D:0E68 DB:86 nvMXdizc V:248 H: 16 F: 2
				848EEC E2 30       SEP #$30               A:0008 X:0002 Y:008F S:0127 D:0E68 DB:86 nvMXdizc V:248 H: 21 F: 2
				848EEE C6 13       DEC $13       [000E7B] A:0008 X:0002 Y:008F S:0127 D:0E68 DB:86 nvMXdizc V:248 H: 26 F: 2
				848EF0 D0 5D       BNE $005D     [848F4F] A:0008 X:0002 Y:008F S:0127 D:0E68 DB:86 nvMXdiZc V:248 H: 36 F: 2
				848EF2 A9 AF       LDA #$AF               A:0008 X:0002 Y:008F S:0127 D:0E68 DB:86 nvMXdiZc V:248 H: 39 F: 2
				848EF4 48          PHA                    A:00AF X:0002 Y:008F S:0127 D:0E68 DB:86 NvMXdizc V:248 H: 42 F: 2
				848EF5 AB          PLB                    A:00AF X:0002 Y:008F S:0126 D:0E68 DB:86 NvMXdizc V:248 H: 47 F: 2
				848EF6 C2 21       REP #$21               A:00AF X:0002 Y:008F S:0127 D:0E68 DB:AF NvMXdizc V:248 H: 53 F: 2
				848EF8 A5 14       LDA $14       [000E7C] A:00AF X:0002 Y:008F S:0127 D:0E68 DB:AF NvmXdizc V:248 H: 58 F: 2
				848EFA 69 03 00    ADC #$0003             A:D42D X:0002 Y:008F S:0127 D:0E68 DB:AF NvmXdizc V:248 H: 66 F: 2
				848EFD A4 0F       LDY $0F       [000E77] A:D430 X:0002 Y:008F S:0127 D:0E68 DB:AF NvmXdizc V:248 H: 71 F: 2
				848EFF 10 37       BPL $0037     [848F38] A:D430 X:0002 Y:0000 S:0127 D:0E68 DB:AF nvmXdiZc V:248 H: 77 F: 2
				848F38 85 14       STA $14       [000E7C] A:D430 X:0002 Y:0000 S:0127 D:0E68 DB:AF nvmXdiZc V:248 H: 82 F: 2
				848F3A E2 30       SEP #$30               A:D430 X:0002 Y:0000 S:0127 D:0E68 DB:AF nvmXdiZc V:248 H: 90 F: 2
				848F3C B2 14       LDA ($14)     [AFD430] A:D430 X:0002 Y:0000 S:0127 D:0E68 DB:AF nvMXdiZc V:248 H: 95 F: 2
				848F3E 85 13       STA $13       [000E7B] A:D401 X:0002 Y:0000 S:0127 D:0E68 DB:AF nvMXdizc V:248 H:105 F: 2
				848F40 A0 01       LDY #$01               A:D401 X:0002 Y:0000 S:0127 D:0E68 DB:AF nvMXdizc V:248 H:111 F: 2
				848F42 B1 14       LDA ($14),Y   [AFD431] A:D401 X:0002 Y:0001 S:0127 D:0E68 DB:AF nvMXdizc V:248 H:114 F: 2
				848F44 85 0F       STA $0F       [000E77] A:D401 X:0002 Y:0001 S:0127 D:0E68 DB:AF nvMXdizc V:248 H:124 F: 2
				848F46 C8          INY                    A:D401 X:0002 Y:0001 S:0127 D:0E68 DB:AF nvMXdizc V:248 H:131 F: 2
				848F47 B1 14       LDA ($14),Y   [AFD432] A:D401 X:0002 Y:0002 S:0127 D:0E68 DB:AF nvMXdizc V:248 H:144 F: 2
				848F49 85 17       STA $17       [000E7F] A:D418 X:0002 Y:0002 S:0127 D:0E68 DB:AF nvMXdizc V:248 H:154 F: 2
				848F4B A9 80       LDA #$80               A:D418 X:0002 Y:0002 S:0127 D:0E68 DB:AF nvMXdizc V:248 H:160 F: 2
				848F4D 04 17       TSB $17       [000E7F] A:D480 X:0002 Y:0002 S:0127 D:0E68 DB:AF NvMXdizc V:248 H:163 F: 2
				848F4F AB          PLB                    A:D480 X:0002 Y:0002 S:0127 D:0E68 DB:AF NvMXdiZc V:248 H:173 F: 2
				848F50 28          PLP                    A:D480 X:0002 Y:0002 S:0128 D:0E68 DB:86 NvMXdizc V:248 H:180 F: 2
				848F51 6B          RTL                    A:D480 X:0002 Y:0002 S:0129 D:0E68 DB:86 nvMXdizc V:248 H:186 F: 2

			878F67 A5 0F       LDA $0F       [000E77] A:D480 X:0002 Y:0002 S:012C D:0E68 DB:86 nvMXdizc V:248 H:197 F: 2
			878F69 F0 36       BEQ $0036     [878FA1] A:D401 X:0002 Y:0002 S:012C D:0E68 DB:86 nvMXdizc V:248 H:203 F: 2		Branch if SkelAction = #$00
			878F6B 20 29 91    JSR $9129     [879129] A:D401 X:0002 Y:0002 S:012C D:0E68 DB:86 nvMXdizc V:248 H:206 F: 2		JSR $879129 --> If (E-BoomGrab ORA E-GrabMMX ORA StageEndAction ORA BossBeatInv) = #$00, If |X-Distance| < #$0028 Then A = E-Air AND #$04, Else A = #$00

				879129 A9 28       LDA #$28               A:D401 X:0002 Y:0002 S:012A D:0E68 DB:86 nvMXdizc V:248 H:216 F: 2
				87912B 8D 00 00    STA $0000     [860000] A:D428 X:0002 Y:0002 S:012A D:0E68 DB:86 nvMXdizc V:248 H:219 F: 2
				87912E 9C 01 00    STZ $0001     [860001] A:D428 X:0002 Y:0002 S:012A D:0E68 DB:86 nvMXdizc V:248 H:226 F: 2
				879131 A5 35       LDA $35       [000E9D] A:D428 X:0002 Y:0002 S:012A D:0E68 DB:86 nvMXdizc V:248 H:232 F: 2
				879133 05 3C       ORA $3C       [000EA4] A:D400 X:0002 Y:0002 S:012A D:0E68 DB:86 nvMXdiZc V:248 H:239 F: 2
				879135 0D 32 0C    ORA $0C32     [860C32] A:D400 X:0002 Y:0002 S:012A D:0E68 DB:86 nvMXdiZc V:248 H:245 F: 2
				879138 0D 0C 1F    ORA $1F0C     [861F0C] A:D400 X:0002 Y:0002 S:012A D:0E68 DB:86 nvMXdiZc V:248 H:252 F: 2
				87913B D0 30       BNE $0030     [87916D] A:D400 X:0002 Y:0002 S:012A D:0E68 DB:86 nvMXdiZc V:248 H:258 F: 2
				87913D C2 20       REP #$20               A:D400 X:0002 Y:0002 S:012A D:0E68 DB:86 nvMXdiZc V:248 H:261 F: 2
				87913F AD AD 0B    LDA $0BAD     [860BAD] A:D400 X:0002 Y:0002 S:012A D:0E68 DB:86 nvmXdiZc V:248 H:266 F: 2
				879142 38          SEC                    A:0794 X:0002 Y:0002 S:012A D:0E68 DB:86 nvmXdizc V:248 H:274 F: 2
				879143 E5 05       SBC $05       [000E6D] A:0794 X:0002 Y:0002 S:012A D:0E68 DB:86 nvmXdizC V:248 H:277 F: 2
				879145 B0 13       BCS $0013     [87915A] A:FFED X:0002 Y:0002 S:012A D:0E68 DB:86 NvmXdizc V:248 H:286 F: 2
				879147 49 FF FF    EOR #$FFFF             A:FFED X:0002 Y:0002 S:012A D:0E68 DB:86 NvmXdizc V:248 H:289 F: 2
				87914A 1A          INC                    A:0012 X:0002 Y:0002 S:012A D:0E68 DB:86 nvmXdizc V:248 H:293 F: 2
				87914B CD 00 00    CMP $0000     [860000] A:0013 X:0002 Y:0002 S:012A D:0E68 DB:86 nvmXdizc V:248 H:296 F: 2
				87914E E2 20       SEP #$20               A:0013 X:0002 Y:0002 S:012A D:0E68 DB:86 NvmXdizc V:248 H:305 F: 2
				879150 B0 1B       BCS $001B     [87916D] A:0013 X:0002 Y:0002 S:012A D:0E68 DB:86 NvMXdizc V:248 H:309 F: 2
				879152 A5 11       LDA $11       [000E79] A:0013 X:0002 Y:0002 S:012A D:0E68 DB:86 NvMXdizc V:248 H:312 F: 2
				879154 0A          ASL A                  A:0029 X:0002 Y:0002 S:012A D:0E68 DB:86 nvMXdizc V:248 H:319 F: 2
				879155 0A          ASL A                  A:0052 X:0002 Y:0002 S:012A D:0E68 DB:86 nvMXdizc V:248 H:322 F: 2
				879156 B0 15       BCS $0015     [87916D] A:00A4 X:0002 Y:0002 S:012A D:0E68 DB:86 NvMXdizc V:248 H:324 F: 2
				879158 80 0D       BRA $000D     [879167] A:00A4 X:0002 Y:0002 S:012A D:0E68 DB:86 NvMXdizc V:248 H:327 F: 2
				879167 AD D3 0B    LDA $0BD3     [860BD3] A:00A4 X:0002 Y:0002 S:012A D:0E68 DB:86 NvMXdizc V:248 H:331 F: 2
				87916A 29 04       AND #$04               A:0004 X:0002 Y:0002 S:012A D:0E68 DB:86 nvMXdizc V:248 H:338 F: 2
				87916C 60          RTS                    A:0004 X:0002 Y:0002 S:012A D:0E68 DB:86 nvMXdizc V:249 H:  1 F: 2

			878F6E F0 2D       BEQ $002D     [878F9D] A:0004 X:0002 Y:0002 S:012C D:0E68 DB:86 nvMXdizc V:249 H: 11 F: 2		Branch if Z=0
			878F70 A9 04       LDA #$04               A:0004 X:0002 Y:0002 S:012C D:0E68 DB:86 nvMXdizc V:249 H: 14 F: 2
			878F72 85 03       STA $03       [000E6B] A:0004 X:0002 Y:0002 S:012C D:0E68 DB:86 nvMXdizc V:249 H: 17 F: 2		Subaction = #$04
			878F74 22 19 9F 84 JSL $849F19   [849F19] A:0004 X:0002 Y:0002 S:012C D:0E68 DB:86 nvMXdizc V:249 H: 23 F: 2		JSL $849F19 --> Jumping2 = #$08, JustHit = #$08, MMX-State = #$16, MMX-Substate = #$00

				849F19 A9 08       LDA #$08               A:0004 X:0002 Y:0002 S:0129 D:0E68 DB:86 nvMXdizc V:249 H: 37 F: 2
				849F1B 8D D7 0B    STA $0BD7     [860BD7] A:0008 X:0002 Y:0002 S:0129 D:0E68 DB:86 nvMXdizc V:249 H: 40 F: 2	Jumpíng2 = #$08
				849F1E 8D D8 0B    STA $0BD8     [860BD8] A:0008 X:0002 Y:0002 S:0129 D:0E68 DB:86 nvMXdizc V:249 H: 46 F: 2	JustHit = #$08
				849F21 A9 16       LDA #$16               A:0008 X:0002 Y:0002 S:0129 D:0E68 DB:86 nvMXdizc V:249 H: 53 F: 2
				849F23 8D AA 0B    STA $0BAA     [860BAA] A:0016 X:0002 Y:0002 S:0129 D:0E68 DB:86 nvMXdizc V:249 H: 56 F: 2	MMX-State = #$16
				849F26 9C AB 0B    STZ $0BAB     [860BAB] A:0016 X:0002 Y:0002 S:0129 D:0E68 DB:86 nvMXdizc V:249 H: 62 F: 2	MMX-Substate = #$00
				849F29 6B          RTL                    A:0016 X:0002 Y:0002 S:0129 D:0E68 DB:86 nvMXdizc V:249 H: 69 F: 2	Return

			878F78 A9 01       LDA #$01               A:0016 X:0002 Y:0002 S:012C D:0E68 DB:86 nvMXdizc V:249 H: 79 F: 2
			878F7A 85 3C       STA $3C       [000EA4] A:0001 X:0002 Y:0002 S:012C D:0E68 DB:86 nvMXdizc V:249 H: 82 F: 2		E-$3C = #$01
			878F7C A9 52       LDA #$52               A:0001 X:0002 Y:0002 S:012C D:0E68 DB:86 nvMXdizc V:249 H: 89 F: 2
			878F7E 22 CD 88 80 JSL $8088CD   [8088CD] A:0052 X:0002 Y:0002 S:012C D:0E68 DB:86 nvMXdizc V:249 H: 92 F: 2		JSL $8088CD --> Play Sound Effect (A = Sound Effect ID) (Mono)

				8088CD DA          PHX                    A:0052 X:0002 Y:0002 S:0129 D:0E68 DB:86 nvMXdizc V:249 H:105 F: 2
				8088CE 5A          PHY                    A:0052 X:0002 Y:0002 S:0128 D:0E68 DB:86 nvMXdizc V:249 H:110 F: 2
				8088CF 08          PHP                    A:0052 X:0002 Y:0002 S:0127 D:0E68 DB:86 nvMXdizc V:249 H:115 F: 2
				8088D0 E2 10       SEP #$10               A:0052 X:0002 Y:0002 S:0126 D:0E68 DB:86 nvMXdizc V:249 H:120 F: 2
				8088D2 A0 00       LDY #$00               A:0052 X:0002 Y:0002 S:0126 D:0E68 DB:86 nvMXdizc V:249 H:125 F: 2
				8088D4 E2 31       SEP #$31               A:0052 X:0002 Y:0000 S:0126 D:0E68 DB:86 nvMXdiZc V:249 H:128 F: 2
				8088D6 AE A3 0B    LDX $0BA3     [860BA3] A:0052 X:0002 Y:0000 S:0126 D:0E68 DB:86 nvMXdiZC V:249 H:132 F: 2
				8088D9 9D 72 0B    STA $0B72,X   [860B78] A:0052 X:0006 Y:0000 S:0126 D:0E68 DB:86 nvMXdizC V:249 H:149 F: 2
				8088DC 98          TYA                    A:0052 X:0006 Y:0000 S:0126 D:0E68 DB:86 nvMXdizC V:249 H:157 F: 2
				8088DD 9D 73 0B    STA $0B73,X   [860B79] A:0000 X:0006 Y:0000 S:0126 D:0E68 DB:86 nvMXdiZC V:249 H:160 F: 2
				8088E0 E8          INX                    A:0000 X:0006 Y:0000 S:0126 D:0E68 DB:86 nvMXdiZC V:249 H:168 F: 2
				8088E1 E8          INX                    A:0000 X:0007 Y:0000 S:0126 D:0E68 DB:86 nvMXdizC V:249 H:171 F: 2
				8088E2 8A          TXA                    A:0000 X:0008 Y:0000 S:0126 D:0E68 DB:86 nvMXdizC V:249 H:174 F: 2
				8088E3 29 1E       AND #$1E               A:0008 X:0008 Y:0000 S:0126 D:0E68 DB:86 nvMXdizC V:249 H:177 F: 2
				8088E5 8D A3 0B    STA $0BA3     [860BA3] A:0008 X:0008 Y:0000 S:0126 D:0E68 DB:86 nvMXdizC V:249 H:180 F: 2
				8088E8 28          PLP                    A:0008 X:0008 Y:0000 S:0126 D:0E68 DB:86 nvMXdizC V:249 H:186 F: 2
				8088E9 7A          PLY                    A:0008 X:0008 Y:0000 S:0127 D:0E68 DB:86 nvMXdizc V:249 H:193 F: 2
				8088EA FA          PLX                    A:0008 X:0008 Y:0002 S:0128 D:0E68 DB:86 nvMXdizc V:249 H:199 F: 2
				8088EB 6B          RTL                    A:0008 X:0002 Y:0002 S:0129 D:0E68 DB:86 nvMXdizc V:249 H:206 F: 2

			878F82 A9 14       LDA #$14               A:0008 X:0002 Y:0002 S:012C D:0E68 DB:86 nvMXdizc V:249 H:216 F: 2
			878F84 85 34       STA $34       [000E9C] A:0014 X:0002 Y:0002 S:012C D:0E68 DB:86 nvMXdizc V:249 H:219 F: 2		CD2 = #$14
			878F86 A5 11       LDA $11       [000E79] A:0014 X:0002 Y:0002 S:012C D:0E68 DB:86 nvMXdizc V:249 H:226 F: 2		|A = #$0020 (#$FFE0 because Facing = Left)
			878F88 0A          ASL A                  A:0029 X:0002 Y:0002 S:012C D:0E68 DB:86 nvMXdizc V:249 H:232 F: 2		|
			878F89 0A          ASL A                  A:0052 X:0002 Y:0002 S:012C D:0E68 DB:86 nvMXdizc V:249 H:235 F: 2		|
			878F8A C2 20       REP #$20               A:00A4 X:0002 Y:0002 S:012C D:0E68 DB:86 NvMXdizc V:249 H:238 F: 2		|
			878F8C A9 20 00    LDA #$0020             A:00A4 X:0002 Y:0002 S:012C D:0E68 DB:86 NvmXdizc V:249 H:243 F: 2		|
			878F8F B0 03       BCS $0003     [878F94] A:0020 X:0002 Y:0002 S:012C D:0E68 DB:86 nvmXdizc V:249 H:247 F: 2		|
			878F91 A9 E0 FF    LDA #$FFE0             A:0020 X:0002 Y:0002 S:012C D:0E68 DB:86 nvmXdizc V:249 H:250 F: 2		|
			878F94 18          CLC                    A:FFE0 X:0002 Y:0002 S:012C D:0E68 DB:86 NvmXdizc V:249 H:255 F: 2
			878F95 65 05       ADC $05       [000E6D] A:FFE0 X:0002 Y:0002 S:012C D:0E68 DB:86 NvmXdizc V:249 H:258 F: 2
			878F97 8D AD 0B    STA $0BAD     [860BAD] A:0787 X:0002 Y:0002 S:012C D:0E68 DB:86 nvmXdizC V:249 H:266 F: 2		MMX-X-Pos = E-X-Pos + #$0020 (#$FFE0 if E-Facing = Left)
			878F9A E2 20       SEP #$20               A:0787 X:0002 Y:0002 S:012C D:0E68 DB:86 nvmXdizC V:249 H:275 F: 2
			878F9C 60          RTS                    A:0787 X:0002 Y:0002 S:012C D:0E68 DB:86 nvMXdizC V:249 H:279 F: 2

		878C23 A5 37       LDA $37       [000E9F] A:0787 X:0002 Y:0002 S:012E D:0E68 DB:86 nvMXdizC V:249 H:289 F: 2
